__main__ 2025-11-26 18:03:16,383 INFO  === Логгирование главного модуля __main__ === 
__main__ 2025-11-26 18:03:16,383 INFO Программа запущена
__main__ 2025-11-26 18:03:16,394 INFO read_all_system_info: успешно
__main__ 2025-11-26 18:03:16,394 INFO Вызов функции read_all_system_info
__main__ 2025-11-26 18:03:16,397 INFO _read_med: успешно
__main__ 2025-11-26 18:03:16,511 INFO Вызов функции _read_med
__main__ 2025-11-26 18:03:16,618 INFO _read_med: успешно
__main__ 2025-11-26 18:03:16,730 INFO Вызов функции _read_med
__main__ 2025-11-26 18:03:16,948 INFO _read_med: успешно
__main__ 2025-11-26 18:03:17,054 INFO Вызов функции _read_med
__main__ 2025-11-26 18:03:17,178 INFO _read_med: успешно
__main__ 2025-11-26 18:03:17,287 INFO Вызов функции _read_med
__main__ 2025-11-26 18:03:17,402 INFO _read_med: успешно
__main__ 2025-11-26 18:03:17,503 INFO Вызов функции _read_med
__main__ 2025-11-26 18:03:17,626 INFO _read_med: успешно
__main__ 2025-11-26 18:03:17,738 INFO Вызов функции _read_med
__main__ 2025-11-26 18:03:17,850 INFO _read_med: успешно
__main__ 2025-11-26 18:03:17,954 INFO Вызов функции _read_med
__main__ 2025-11-26 18:03:18,075 INFO _read_med: успешно
__main__ 2025-11-26 18:03:18,186 INFO Вызов функции _read_med
__main__ 2025-11-26 18:03:18,305 INFO _read_med: успешно
__main__ 2025-11-26 18:03:18,418 INFO Вызов функции _read_med
__main__ 2025-11-26 18:03:18,536 INFO _read_med: успешно
__main__ 2025-11-26 18:03:18,638 INFO Вызов функции _read_med
__main__ 2025-11-26 18:03:18,765 INFO _read_med: успешно
__main__ 2025-11-26 18:03:18,871 INFO Вызов функции _read_med
__main__ 2025-11-26 18:03:18,997 INFO _read_med: успешно
__main__ 2025-11-26 18:03:19,105 INFO Вызов функции _read_med
__main__ 2025-11-26 18:03:19,227 INFO _read_med: успешно
__main__ 2025-11-26 18:03:19,338 INFO Вызов функции _read_med
__main__ 2025-11-26 18:03:19,457 INFO _read_med: успешно
__main__ 2025-11-26 18:03:19,572 INFO Вызов функции _read_med
__main__ 2025-11-26 18:03:19,687 INFO _read_med: успешно
__main__ 2025-11-26 18:03:19,789 INFO Вызов функции _read_med
__main__ 2025-11-26 18:03:19,919 INFO _read_med: успешно
__main__ 2025-11-26 18:03:20,024 INFO Вызов функции _read_med
__main__ 2025-11-26 18:03:20,150 INFO _read_med: успешно
__main__ 2025-11-26 18:03:20,255 INFO Вызов функции _read_med
__main__ 2025-11-26 18:03:20,380 INFO _read_med: успешно
__main__ 2025-11-26 18:03:20,493 INFO Вызов функции _read_med
__main__ 2025-11-26 18:03:20,612 INFO _read_med: успешно
__main__ 2025-11-26 18:03:20,725 INFO Вызов функции _read_med
__main__ 2025-11-26 18:03:20,842 INFO _read_med: успешно
__main__ 2025-11-26 18:03:20,944 INFO Вызов функции _read_med
__main__ 2025-11-26 18:03:21,072 INFO _read_med: успешно
__main__ 2025-11-26 18:03:21,175 INFO Вызов функции _read_med
__main__ 2025-11-26 18:03:21,302 INFO _read_med: успешно
__main__ 2025-11-26 18:03:21,408 INFO Вызов функции _read_med
__main__ 2025-11-26 18:03:21,532 INFO _read_med: успешно
__main__ 2025-11-26 18:03:21,641 INFO Вызов функции _read_med
__main__ 2025-11-26 18:03:21,762 INFO _read_med: успешно
__main__ 2025-11-26 18:03:21,873 INFO Вызов функции _read_med
__main__ 2025-11-26 18:03:21,992 INFO _read_med: успешно
__main__ 2025-11-26 18:03:22,106 INFO Вызов функции _read_med
__main__ 2025-11-26 18:03:22,222 INFO _read_med: успешно
__main__ 2025-11-26 18:03:22,324 INFO Вызов функции _read_med
__main__ 2025-11-26 18:03:22,454 INFO _read_med: успешно
__main__ 2025-11-26 18:03:22,560 INFO Вызов функции _read_med
__main__ 2025-11-26 18:03:22,685 INFO _read_med: успешно
__main__ 2025-11-26 18:03:22,798 INFO Вызов функции _read_med
__main__ 2025-11-26 18:03:22,917 INFO _read_med: успешно
__main__ 2025-11-26 18:03:23,032 INFO Вызов функции _read_med
__main__ 2025-11-26 18:03:23,148 INFO _read_med: успешно
__main__ 2025-11-26 18:03:23,250 INFO Вызов функции _read_med
__main__ 2025-11-26 18:03:23,377 INFO _read_med: успешно
__main__ 2025-11-26 18:03:23,484 INFO Вызов функции _read_med
__main__ 2025-11-26 18:03:23,607 INFO _read_med: успешно
__main__ 2025-11-26 18:03:23,716 INFO Вызов функции _read_med
__main__ 2025-11-26 18:03:23,837 INFO _read_med: успешно
__main__ 2025-11-26 18:03:23,950 INFO Вызов функции _read_med
__main__ 2025-11-26 18:03:24,067 INFO _read_med: успешно
__main__ 2025-11-26 18:03:24,169 INFO Вызов функции _read_med
__main__ 2025-11-26 18:03:24,298 INFO _read_med: успешно
__main__ 2025-11-26 18:03:24,403 INFO Вызов функции _read_med
__main__ 2025-11-26 18:03:24,529 INFO _read_med: успешно
__main__ 2025-11-26 18:03:24,635 INFO Вызов функции _read_med
__main__ 2025-11-26 18:03:24,759 INFO _read_med: успешно
__main__ 2025-11-26 18:03:24,868 INFO Вызов функции _read_med
__main__ 2025-11-26 18:03:24,989 INFO _read_med: успешно
__main__ 2025-11-26 18:03:25,102 INFO Вызов функции _read_med
__main__ 2025-11-26 18:03:25,219 INFO _read_med: успешно
__main__ 2025-11-26 18:03:25,335 INFO Вызов функции _read_med
__main__ 2025-11-26 18:03:25,450 INFO _read_med: успешно
__main__ 2025-11-26 18:03:25,553 INFO Вызов функции _read_med
__main__ 2025-11-26 18:03:25,680 INFO _read_med: успешно
__main__ 2025-11-26 18:03:25,789 INFO Вызов функции _read_med
__main__ 2025-11-26 18:03:25,910 INFO _read_med: успешно
__main__ 2025-11-26 18:03:26,023 INFO Вызов функции _read_med
__main__ 2025-11-26 18:03:26,142 INFO _read_med: успешно
__main__ 2025-11-26 18:03:26,256 INFO Вызов функции _read_med
__main__ 2025-11-26 18:03:26,371 INFO _read_med: успешно
__main__ 2025-11-26 18:03:26,475 INFO Вызов функции _read_med
__main__ 2025-11-26 18:03:26,601 INFO _read_med: успешно
__main__ 2025-11-26 18:03:26,709 INFO Вызов функции _read_med
__main__ 2025-11-26 18:03:26,832 INFO _read_med: успешно
__main__ 2025-11-26 18:03:26,941 INFO Вызов функции _read_med
__main__ 2025-11-26 18:03:27,063 INFO _read_med: успешно
__main__ 2025-11-26 18:03:27,174 INFO Вызов функции _read_med
__main__ 2025-11-26 18:03:27,295 INFO _read_med: успешно
__main__ 2025-11-26 18:03:27,408 INFO Вызов функции _read_med
__main__ 2025-11-26 18:03:27,525 INFO _read_med: успешно
__main__ 2025-11-26 18:03:27,628 INFO Вызов функции _read_med
__main__ 2025-11-26 18:03:27,754 INFO _read_med: успешно
__main__ 2025-11-26 18:03:27,865 INFO Вызов функции _read_med
__main__ 2025-11-26 18:03:27,985 INFO _read_med: успешно
__main__ 2025-11-26 18:03:28,097 INFO Вызов функции _read_med
__main__ 2025-11-26 18:03:28,215 INFO _read_med: успешно
__main__ 2025-11-26 18:03:28,317 INFO Вызов функции _read_med
__main__ 2025-11-26 18:03:28,446 INFO _read_med: успешно
__main__ 2025-11-26 18:03:28,552 INFO Вызов функции _read_med
__main__ 2025-11-26 18:03:28,676 INFO _read_med: успешно
__main__ 2025-11-26 18:03:28,784 INFO Вызов функции _read_med
__main__ 2025-11-26 18:03:28,906 INFO _read_med: успешно
__main__ 2025-11-26 18:03:29,017 INFO Вызов функции _read_med
__main__ 2025-11-26 18:03:29,137 INFO _read_med: успешно
__main__ 2025-11-26 18:03:29,251 INFO Вызов функции _read_med
__main__ 2025-11-26 18:03:29,367 INFO _read_med: успешно
__main__ 2025-11-26 18:03:29,470 INFO Вызов функции _read_med
__main__ 2025-11-26 18:03:29,597 INFO _read_med: успешно
__main__ 2025-11-26 18:03:29,702 INFO Вызов функции _read_med
__main__ 2025-11-26 18:03:29,828 INFO _read_med: успешно
__main__ 2025-11-26 18:03:29,938 INFO Вызов функции _read_med
__main__ 2025-11-26 18:03:30,058 INFO _read_med: успешно
__main__ 2025-11-26 18:03:30,170 INFO Вызов функции _read_med
__main__ 2025-11-26 18:03:30,288 INFO _read_med: успешно
__main__ 2025-11-26 18:03:30,404 INFO Вызов функции _read_med
__main__ 2025-11-26 18:03:30,520 INFO _read_med: успешно
__main__ 2025-11-26 18:03:30,622 INFO Вызов функции _read_med
__main__ 2025-11-26 18:03:30,751 INFO _read_med: успешно
__main__ 2025-11-26 18:03:30,858 INFO Вызов функции _read_med
__main__ 2025-11-26 18:03:30,981 INFO _read_med: успешно
__main__ 2025-11-26 18:03:31,089 INFO Вызов функции _read_med
__main__ 2025-11-26 18:03:31,211 INFO _read_med: успешно
__main__ 2025-11-26 18:03:31,322 INFO Вызов функции _read_med
__main__ 2025-11-26 18:03:31,442 INFO _read_med: успешно
__main__ 2025-11-26 18:03:31,557 INFO Вызов функции _read_med
__main__ 2025-11-26 18:03:31,672 INFO _read_med: успешно
__main__ 2025-11-26 18:03:31,774 INFO Вызов функции _read_med
__main__ 2025-11-26 18:03:31,903 INFO _read_med: успешно
__main__ 2025-11-26 18:03:32,010 INFO Вызов функции _read_med
__main__ 2025-11-26 18:03:32,112 ERROR Ошибка при работе с портом COM9: could not open port 'COM9': FileNotFoundError(2, 'Не удается найти указанный файл.', None, 2)
__main__ 2025-11-26 18:03:32,112 INFO Программа завершена
