__main__ 2025-11-26 16:46:00,773 INFO  === Логгирование главного модуля __main__ === 
__main__ 2025-11-26 16:46:00,773 INFO Программа запущена
__main__ 2025-11-26 16:46:00,783 INFO read_all_system_info: успешно
__main__ 2025-11-26 16:46:00,783 INFO Вызов функции read_all_system_info
__main__ 2025-11-26 16:46:00,787 INFO _read_med: успешно
__main__ 2025-11-26 16:46:00,896 INFO Вызов функции _read_med
__main__ 2025-11-26 16:46:01,003 INFO _read_med: успешно
__main__ 2025-11-26 16:46:01,113 INFO Вызов функции _read_med
__main__ 2025-11-26 16:46:01,282 INFO _read_med: успешно
__main__ 2025-11-26 16:46:01,393 INFO Вызов функции _read_med
__main__ 2025-11-26 16:46:01,514 INFO _read_med: успешно
__main__ 2025-11-26 16:46:01,625 INFO Вызов функции _read_med
__main__ 2025-11-26 16:46:01,747 INFO _read_med: успешно
__main__ 2025-11-26 16:46:01,858 INFO Вызов функции _read_med
__main__ 2025-11-26 16:46:01,979 INFO _read_med: успешно
__main__ 2025-11-26 16:46:02,091 INFO Вызов функции _read_med
__main__ 2025-11-26 16:46:02,212 INFO _read_med: успешно
__main__ 2025-11-26 16:46:02,325 INFO Вызов функции _read_med
__main__ 2025-11-26 16:46:02,445 INFO _read_med: успешно
__main__ 2025-11-26 16:46:02,557 INFO Вызов функции _read_med
__main__ 2025-11-26 16:46:02,676 INFO _read_med: успешно
__main__ 2025-11-26 16:46:02,788 INFO Вызов функции _read_med
__main__ 2025-11-26 16:46:02,908 INFO _read_med: успешно
__main__ 2025-11-26 16:46:03,022 INFO Вызов функции _read_med
__main__ 2025-11-26 16:46:03,141 INFO _read_med: успешно
__main__ 2025-11-26 16:46:03,256 INFO Вызов функции _read_med
__main__ 2025-11-26 16:46:03,373 INFO _read_med: успешно
__main__ 2025-11-26 16:46:03,475 INFO Вызов функции _read_med
__main__ 2025-11-26 16:46:03,604 INFO _read_med: успешно
__main__ 2025-11-26 16:46:03,709 INFO Вызов функции _read_med
__main__ 2025-11-26 16:46:03,834 INFO _read_med: успешно
__main__ 2025-11-26 16:46:03,941 INFO Вызов функции _read_med
__main__ 2025-11-26 16:46:04,067 INFO _read_med: успешно
__main__ 2025-11-26 16:46:04,176 INFO Вызов функции _read_med
__main__ 2025-11-26 16:46:04,299 INFO _read_med: успешно
__main__ 2025-11-26 16:46:04,410 INFO Вызов функции _read_med
__main__ 2025-11-26 16:46:04,532 INFO _read_med: успешно
__main__ 2025-11-26 16:46:04,643 INFO Вызов функции _read_med
__main__ 2025-11-26 16:46:04,764 INFO _read_med: успешно
__main__ 2025-11-26 16:46:04,877 INFO Вызов функции _read_med
__main__ 2025-11-26 16:46:04,997 INFO _read_med: успешно
__main__ 2025-11-26 16:46:05,111 INFO Вызов функции _read_med
__main__ 2025-11-26 16:46:05,228 INFO _read_med: успешно
__main__ 2025-11-26 16:46:05,331 INFO Вызов функции _read_med
__main__ 2025-11-26 16:46:05,460 INFO _read_med: успешно
__main__ 2025-11-26 16:46:05,564 INFO Вызов функции _read_med
__main__ 2025-11-26 16:46:05,690 INFO _read_med: успешно
__main__ 2025-11-26 16:46:05,798 INFO Вызов функции _read_med
__main__ 2025-11-26 16:46:05,923 INFO _read_med: успешно
__main__ 2025-11-26 16:46:06,030 INFO Вызов функции _read_med
__main__ 2025-11-26 16:46:06,155 INFO _read_med: успешно
__main__ 2025-11-26 16:46:06,262 INFO Вызов функции _read_med
__main__ 2025-11-26 16:46:06,388 INFO _read_med: успешно
__main__ 2025-11-26 16:46:06,494 INFO Вызов функции _read_med
__main__ 2025-11-26 16:46:06,618 INFO _read_med: успешно
__main__ 2025-11-26 16:46:06,730 INFO Вызов функции _read_med
__main__ 2025-11-26 16:46:06,849 INFO _read_med: успешно
__main__ 2025-11-26 16:46:06,963 INFO Вызов функции _read_med
__main__ 2025-11-26 16:46:07,082 INFO _read_med: успешно
__main__ 2025-11-26 16:46:07,196 INFO Вызов функции _read_med
__main__ 2025-11-26 16:46:07,312 INFO _read_med: успешно
__main__ 2025-11-26 16:46:07,413 INFO Вызов функции _read_med
__main__ 2025-11-26 16:46:07,541 INFO _read_med: успешно
__main__ 2025-11-26 16:46:07,645 INFO Вызов функции _read_med
__main__ 2025-11-26 16:46:07,771 INFO _read_med: успешно
__main__ 2025-11-26 16:46:07,880 INFO Вызов функции _read_med
__main__ 2025-11-26 16:46:08,003 INFO _read_med: успешно
__main__ 2025-11-26 16:46:08,112 INFO Вызов функции _read_med
__main__ 2025-11-26 16:46:08,235 INFO _read_med: успешно
__main__ 2025-11-26 16:46:08,346 INFO Вызов функции _read_med
__main__ 2025-11-26 16:46:08,466 INFO _read_med: успешно
__main__ 2025-11-26 16:46:08,577 INFO Вызов функции _read_med
__main__ 2025-11-26 16:46:08,698 INFO _read_med: успешно
__main__ 2025-11-26 16:46:08,810 INFO Вызов функции _read_med
__main__ 2025-11-26 16:46:08,930 INFO _read_med: успешно
__main__ 2025-11-26 16:46:09,042 INFO Вызов функции _read_med
__main__ 2025-11-26 16:46:09,163 INFO _read_med: успешно
__main__ 2025-11-26 16:46:09,275 INFO Вызов функции _read_med
__main__ 2025-11-26 16:46:09,395 INFO _read_med: успешно
__main__ 2025-11-26 16:46:09,509 INFO Вызов функции _read_med
__main__ 2025-11-26 16:46:09,627 INFO _read_med: успешно
__main__ 2025-11-26 16:46:09,742 INFO Вызов функции _read_med
__main__ 2025-11-26 16:46:09,860 INFO _read_med: успешно
__main__ 2025-11-26 16:46:09,975 INFO Вызов функции _read_med
__main__ 2025-11-26 16:46:10,093 INFO _read_med: успешно
__main__ 2025-11-26 16:46:10,194 INFO Вызов функции _read_med
__main__ 2025-11-26 16:46:10,325 INFO _read_med: успешно
__main__ 2025-11-26 16:46:10,428 INFO Вызов функции _read_med
__main__ 2025-11-26 16:46:10,557 INFO _read_med: успешно
__main__ 2025-11-26 16:46:10,661 INFO Вызов функции _read_med
__main__ 2025-11-26 16:46:10,790 INFO _read_med: успешно
__main__ 2025-11-26 16:46:10,895 INFO Вызов функции _read_med
__main__ 2025-11-26 16:46:11,021 INFO _read_med: успешно
__main__ 2025-11-26 16:46:11,127 INFO Вызов функции _read_med
__main__ 2025-11-26 16:46:11,254 INFO _read_med: успешно
__main__ 2025-11-26 16:46:11,361 INFO Вызов функции _read_med
__main__ 2025-11-26 16:46:11,486 INFO _read_med: успешно
__main__ 2025-11-26 16:46:11,594 INFO Вызов функции _read_med
__main__ 2025-11-26 16:46:11,716 INFO _read_med: успешно
__main__ 2025-11-26 16:46:11,828 INFO Вызов функции _read_med
__main__ 2025-11-26 16:46:11,948 INFO _read_med: успешно
__main__ 2025-11-26 16:46:12,062 INFO Вызов функции _read_med
__main__ 2025-11-26 16:46:12,180 INFO _read_med: успешно
__main__ 2025-11-26 16:46:12,296 INFO Вызов функции _read_med
__main__ 2025-11-26 16:46:12,411 INFO _read_med: успешно
__main__ 2025-11-26 16:46:12,512 INFO Вызов функции _read_med
__main__ 2025-11-26 16:46:12,614 INFO _stop_process: успешно
__main__ 2025-11-26 16:46:12,614 INFO constant_read_med: успешно завершен по команде
__main__ 2025-11-26 16:46:12,614 INFO Вызов функции constant_read_med
__main__ 2025-11-26 16:46:12,614 INFO read_all_devices: успешно
__main__ 2025-11-26 16:46:12,614 INFO Вызов функции read_all_devices
__main__ 2025-11-26 16:46:12,615 INFO Программа завершена
